<?xml version="1.0" encoding="UTF-8"?>
<!-- Generated by org.testng.reporters.JUnitXMLReporter -->
<testsuite ignored="0" hostname="aham" failures="0" tests="4" name="Test" time="8.567" errors="0" timestamp="2024-01-07T02:29:30 IST">
  <testcase classname="api.test.UserTests" name="testPostUser" time="2.915"/>
  <testcase classname="api.test.UserTests" name="testGetUserByName" time="1.278"/>
  <testcase classname="api.test.UserTests" name="testUpdateUserByName" time="2.586"/>
  <testcase classname="api.test.UserTests" name="testDeleteUserByName" time="1.258"/>
</testsuite> <!-- Test -->
