<?xml version="1.0" encoding="UTF-8"?>
<testng-results ignored="0" total="4" passed="4" failed="0" skipped="0">
  <reporter-output>
  </reporter-output>
  <suite started-at="2024-01-07T02:29:22 IST" name="Suite" finished-at="2024-01-07T02:29:30 IST" duration-ms="8567">
    <groups>
    </groups>
    <test started-at="2024-01-07T02:29:22 IST" name="Test" finished-at="2024-01-07T02:29:30 IST" duration-ms="8567">
      <class name="api.test.UserTests">
        <test-method is-config="true" signature="setupData()[pri:0, instance:api.test.UserTests@3f792b9b]" started-at="2024-01-07T02:29:22 IST" name="setupData" finished-at="2024-01-07T02:29:22 IST" duration-ms="233" status="PASS">
          <reporter-output>
          </reporter-output>
        </test-method> <!-- setupData -->
        <test-method signature="testPostUser()[pri:1, instance:api.test.UserTests@3f792b9b]" started-at="2024-01-07T02:29:22 IST" name="testPostUser" finished-at="2024-01-07T02:29:25 IST" duration-ms="2915" status="PASS">
          <reporter-output>
          </reporter-output>
        </test-method> <!-- testPostUser -->
        <test-method signature="testGetUserByName()[pri:2, instance:api.test.UserTests@3f792b9b]" started-at="2024-01-07T02:29:25 IST" name="testGetUserByName" finished-at="2024-01-07T02:29:26 IST" duration-ms="1278" status="PASS">
          <reporter-output>
          </reporter-output>
        </test-method> <!-- testGetUserByName -->
        <test-method signature="testUpdateUserByName()[pri:3, instance:api.test.UserTests@3f792b9b]" started-at="2024-01-07T02:29:26 IST" name="testUpdateUserByName" finished-at="2024-01-07T02:29:29 IST" duration-ms="2586" status="PASS">
          <reporter-output>
          </reporter-output>
        </test-method> <!-- testUpdateUserByName -->
        <test-method signature="testDeleteUserByName()[pri:4, instance:api.test.UserTests@3f792b9b]" started-at="2024-01-07T02:29:29 IST" name="testDeleteUserByName" finished-at="2024-01-07T02:29:30 IST" duration-ms="1258" status="PASS">
          <reporter-output>
          </reporter-output>
        </test-method> <!-- testDeleteUserByName -->
      </class> <!-- api.test.UserTests -->
    </test> <!-- Test -->
  </suite> <!-- Suite -->
</testng-results>
